<?xml version="1.0" encoding="UTF-8" ?>
<testsuite tests="1" failures="0" name="org.dubbo.comsumer.impl.AppTest" time="0.028" errors="1" skipped="0">
  <properties>
[...]
</properties>
  <testcase classname="org.dubbo.comsumer.impl.AppTest" name="test" time="0.028">
    <error type="java.lang.NullPointerException">java.lang.NullPointerException
	at org.dubbo.comsumer.impl.ComsumerGetHello.getHello(ComsumerGetHello.java:16)
	at org.dubbo.comsumer.impl.AppTest.test(AppTest.java:17)
	at sun.reflect.NativeMethodAccessorImpl.invoke0(Native Method)
	at sun.reflect.NativeMethodAccessorImpl.invoke(NativeMethodAccessorImpl.java:62)
	at sun.reflect.DelegatingMethodAccessorImpl.invoke(DelegatingMethodAccessorImpl.java:43)
	at java.lang.reflect.Method.invoke(Method.java:498)
	at org.junit.runners.model.FrameworkMethod$1.runReflectiveCall(FrameworkMethod.java:50)
	at org.junit.internal.runners.model.ReflectiveCallable.run(ReflectiveCallable.java:12)
	at org.junit.runners.model.FrameworkMethod.invokeExplosively(FrameworkMethod.java:47)
	at org.junit.internal.runners.statements.InvokeMethod.evaluate(InvokeMethod.java:17)
	at org.springframework.test.context.junit4.statements.RunBeforeTestMethodCallbacks.evaluate(RunBeforeTestMethodCallbacks.java:75)
	at org.springframework.test.context.junit4.statements.RunAfterTestMethodCallbacks.evaluate(RunAfterTestMethodCallbacks.java:86)
	at org.springframework.test.context.junit4.statements.SpringRepeat.evaluate(SpringRepeat.java:84)
	at org.junit.runners.ParentRunner.runLeaf(ParentRunner.java:325)
	at org.springframework.test.context.junit4.SpringJUnit4ClassRunner.runChild(SpringJUnit4ClassRunner.java:252)
	at org.springframework.test.context.junit4.SpringJUnit4ClassRunner.runChild(SpringJUnit4ClassRunner.java:94)
	at org.junit.runners.ParentRunner$3.run(ParentRunner.java:290)
	at org.junit.runners.ParentRunner$1.schedule(ParentRunner.java:71)
	at org.junit.runners.ParentRunner.runChildren(ParentRunner.java:288)
	at org.junit.runners.ParentRunner.access$000(ParentRunner.java:58)
	at org.junit.runners.ParentRunner$2.evaluate(ParentRunner.java:268)
	at org.springframework.test.context.junit4.statements.RunBeforeTestClassCallbacks.evaluate(RunBeforeTestClassCallbacks.java:61)
	at org.springframework.test.context.junit4.statements.RunAfterTestClassCallbacks.evaluate(RunAfterTestClassCallbacks.java:70)
	at org.junit.runners.ParentRunner.run(ParentRunner.java:363)
	at org.springframework.test.context.junit4.SpringJUnit4ClassRunner.run(SpringJUnit4ClassRunner.java:191)
	at org.apache.maven.surefire.junit4.JUnit4Provider.execute(JUnit4Provider.java:252)
	at org.apache.maven.surefire.junit4.JUnit4Provider.executeTestSet(JUnit4Provider.java:141)
	at org.apache.maven.surefire.junit4.JUnit4Provider.invoke(JUnit4Provider.java:112)
	at sun.reflect.NativeMethodAccessorImpl.invoke0(Native Method)
	at sun.reflect.NativeMethodAccessorImpl.invoke(NativeMethodAccessorImpl.java:62)
	at sun.reflect.DelegatingMethodAccessorImpl.invoke(DelegatingMethodAccessorImpl.java:43)
	at java.lang.reflect.Method.invoke(Method.java:498)
	at org.apache.maven.surefire.util.ReflectionUtils.invokeMethodWithArray(ReflectionUtils.java:189)
	at org.apache.maven.surefire.booter.ProviderFactory$ProviderProxy.invoke(ProviderFactory.java:165)
	at org.apache.maven.surefire.booter.ProviderFactory.invokeProvider(ProviderFactory.java:85)
	at org.apache.maven.surefire.booter.ForkedBooter.runSuitesInProcess(ForkedBooter.java:115)
	at org.apache.maven.surefire.booter.ForkedBooter.main(ForkedBooter.java:75)
</error>
    <system-out>19:54:14.115 [main] DEBUG org.springframework.test.context.junit4.SpringJUnit4ClassRunner - SpringJUnit4ClassRunner constructor called with [class org.dubbo.comsumer.impl.AppTest]
19:54:14.121 [main] DEBUG org.springframework.test.context.BootstrapUtils - Instantiating CacheAwareContextLoaderDelegate from class [org.springframework.test.context.cache.DefaultCacheAwareContextLoaderDelegate]
19:54:14.129 [main] DEBUG org.springframework.test.context.BootstrapUtils - Instantiating BootstrapContext using constructor [public org.springframework.test.context.support.DefaultBootstrapContext(java.lang.Class,org.springframework.test.context.CacheAwareContextLoaderDelegate)]
19:54:14.143 [main] DEBUG org.springframework.test.context.BootstrapUtils - Instantiating TestContextBootstrapper for test class [org.dubbo.comsumer.impl.AppTest] from class [org.springframework.boot.test.context.SpringBootTestContextBootstrapper]
19:54:14.154 [main] INFO org.springframework.boot.test.context.SpringBootTestContextBootstrapper - Neither @ContextConfiguration nor @ContextHierarchy found for test class [org.dubbo.comsumer.impl.AppTest], using SpringBootContextLoader
19:54:14.157 [main] DEBUG org.springframework.test.context.support.AbstractContextLoader - Did not detect default resource location for test class [org.dubbo.comsumer.impl.AppTest]: class path resource [org/dubbo/comsumer/impl/AppTest-context.xml] does not exist
19:54:14.157 [main] DEBUG org.springframework.test.context.support.AbstractContextLoader - Did not detect default resource location for test class [org.dubbo.comsumer.impl.AppTest]: class path resource [org/dubbo/comsumer/impl/AppTestContext.groovy] does not exist
19:54:14.157 [main] INFO org.springframework.test.context.support.AbstractContextLoader - Could not detect default resource locations for test class [org.dubbo.comsumer.impl.AppTest]: no resource found for suffixes {-context.xml, Context.groovy}.
19:54:14.159 [main] INFO org.springframework.test.context.support.AnnotationConfigContextLoaderUtils - Could not detect default configuration classes for test class [org.dubbo.comsumer.impl.AppTest]: AppTest does not declare any static, non-private, non-final, nested classes annotated with @Configuration.
19:54:14.193 [main] DEBUG org.springframework.test.context.support.ActiveProfilesUtils - Could not find an &apos;annotation declaring class&apos; for annotation type [org.springframework.test.context.ActiveProfiles] and class [org.dubbo.comsumer.impl.AppTest]
19:54:14.202 [main] DEBUG org.springframework.core.env.StandardEnvironment - Adding PropertySource &apos;systemProperties&apos; with lowest search precedence
19:54:14.202 [main] DEBUG org.springframework.core.env.StandardEnvironment - Adding PropertySource &apos;systemEnvironment&apos; with lowest search precedence
19:54:14.202 [main] DEBUG org.springframework.core.env.StandardEnvironment - Initialized StandardEnvironment with PropertySources [MapPropertySource@18620064 {name=&apos;systemProperties&apos;, properties={java.runtime.name=Java(TM) SE Runtime Environment, sun.boot.library.path=C:\Java\jdk\jre\bin, java.vm.version=25.91-b15, java.vm.vendor=Oracle Corporation, java.vendor.url=http://java.oracle.com/, path.separator=;, java.vm.name=Java HotSpot(TM) Client VM, file.encoding.pkg=sun.io, user.country=CN, user.script=, sun.java.launcher=SUN_STANDARD, sun.os.patch.level=Service Pack 1, java.vm.specification.name=Java Virtual Machine Specification, user.dir=H:\eclipse-javaEE\dubbo-learning-comsumer\dubbo-comsumer-impl, java.runtime.version=1.8.0_91-b15, basedir=H:\eclipse-javaEE\dubbo-learning-comsumer\dubbo-comsumer-impl, java.awt.graphicsenv=sun.awt.Win32GraphicsEnvironment, java.endorsed.dirs=C:\Java\jdk\jre\lib\endorsed, os.arch=x86, surefire.real.class.path=H:\eclipse-javaEE\dubbo-learning-comsumer\dubbo-comsumer-impl\target\surefire\surefirebooter7342471576522627606.jar, java.io.tmpdir=C:\Users\ADMINI~1\AppData\Local\Temp\, line.separator=
, java.vm.specification.vendor=Oracle Corporation, user.variant=, os.name=Windows 7, sun.jnu.encoding=GBK, java.library.path=C:\Java\jdk\jre\bin;C:\Windows\Sun\Java\bin;C:\Windows\system32;C:\Windows;C:/Java/jdk/bin/../jre/bin/client;C:/Java/jdk/bin/../jre/bin;C:/Java/jdk/bin/../jre/lib/i386;E:\apache-maven-3.5.4\bin;E:\Redis-x64-3.2.100;C:\Java\jdk\bin;C:\Java\jre\bin;E:\Oracle_11gR2\product\11.2.0\dbhome_1\bin;C:\ProgramData\Oracle\Java\javapath;C:\Program Files (x86)\Java\jdk1.8.0_91\bin;C:\Program Files (x86)\PC Connectivity Solution\;C:\Program Files (x86)\Intel\iCLS Client\;C:\Program Files\Intel\iCLS Client\;C:\Program Files (x86)\NVIDIA Corporation\PhysX\Common;C:\Windows\system32;C:\Windows;C:\Windows\System32\Wbem;C:\Windows\System32\WindowsPowerShell\v1.0\;C:\Program Files\Intel\Intel(R) Management Engine Components\DAL;C:\Program Files (x86)\Intel\Intel(R) Management Engine Components\DAL;C:\Program Files\Intel\Intel(R) Management Engine Components\IPT;C:\Program Files (x86)\Intel\Intel(R) Management Engine Components\IPT ;E:\SVNserver\bin;E:\Git\cmd;E:\nodejs\;E:\utralEdit;C:\Program Files\TortoiseGit\bin;C:\Users\Administrator\AppData\Roaming\npm;E:\eclipse_javaee_win32;;., surefire.test.class.path=H:\eclipse-javaEE\dubbo-learning-comsumer\dubbo-comsumer-impl\target\test-classes;H:\eclipse-javaEE\dubbo-learning-comsumer\dubbo-comsumer-impl\target\classes;H:\eclipse-javaEE\dubbo-learning-comsumer\dubbo-comsumer-api\target\dubbo-comsumer-api.jar;H:\maven_local_repository\org\springframework\boot\spring-boot-starter-test\1.5.12.RELEASE\spring-boot-starter-test-1.5.12.RELEASE.jar;H:\maven_local_repository\org\springframework\boot\spring-boot-test\1.5.12.RELEASE\spring-boot-test-1.5.12.RELEASE.jar;H:\maven_local_repository\org\springframework\boot\spring-boot\1.5.12.RELEASE\spring-boot-1.5.12.RELEASE.jar;H:\maven_local_repository\org\springframework\boot\spring-boot-test-autoconfigure\1.5.12.RELEASE\spring-boot-test-autoconfigure-1.5.12.RELEASE.jar;H:\maven_local_repository\org\springframework\boot\spring-boot-autoconfigure\1.5.12.RELEASE\spring-boot-autoconfigure-1.5.12.RELEASE.jar;H:\maven_local_repository\com\jayway\jsonpath\json-path\2.2.0\json-path-2.2.0.jar;H:\maven_local_repository\net\minidev\json-smart\2.2.1\json-smart-2.2.1.jar;H:\maven_local_repository\net\minidev\accessors-smart\1.1\accessors-smart-1.1.jar;H:\maven_local_repository\org\ow2\asm\asm\5.0.3\asm-5.0.3.jar;H:\maven_local_repository\org\slf4j\slf4j-api\1.7.25\slf4j-api-1.7.25.jar;H:\maven_local_repository\junit\junit\4.12\junit-4.12.jar;H:\maven_local_repository\org\assertj\assertj-core\2.6.0\assertj-core-2.6.0.jar;H:\maven_local_repository\org\mockito\mockito-core\1.10.19\mockito-core-1.10.19.jar;H:\maven_local_repository\org\objenesis\objenesis\2.1\objenesis-2.1.jar;H:\maven_local_repository\org\hamcrest\hamcrest-core\1.3\hamcrest-core-1.3.jar;H:\maven_local_repository\org\hamcrest\hamcrest-library\1.3\hamcrest-library-1.3.jar;H:\maven_local_repository\org\skyscreamer\jsonassert\1.4.0\jsonassert-1.4.0.jar;H:\maven_local_repository\com\vaadin\external\google\android-json\0.0.20131108.vaadin1\android-json-0.0.20131108.vaadin1.jar;H:\maven_local_repository\org\springframework\spring-core\4.3.16.RELEASE\spring-core-4.3.16.RELEASE.jar;H:\maven_local_repository\org\springframework\spring-test\4.3.16.RELEASE\spring-test-4.3.16.RELEASE.jar;H:\maven_local_repository\org\springframework\boot\spring-boot-starter-web\1.5.12.RELEASE\spring-boot-starter-web-1.5.12.RELEASE.jar;H:\maven_local_repository\org\springframework\boot\spring-boot-starter\1.5.12.RELEASE\spring-boot-starter-1.5.12.RELEASE.jar;H:\maven_local_repository\org\springframework\boot\spring-boot-starter-logging\1.5.12.RELEASE\spring-boot-starter-logging-1.5.12.RELEASE.jar;H:\maven_local_repository\ch\qos\logback\logback-classic\1.1.11\logback-classic-1.1.11.jar;H:\maven_local_repository\ch\qos\logback\logback-core\1.1.11\logback-core-1.1.11.jar;H:\maven_local_repository\org\slf4j\jcl-over-slf4j\1.7.25\jcl-over-slf4j-1.7.25.jar;H:\maven_local_repository\org\slf4j\jul-to-slf4j\1.7.25\jul-to-slf4j-1.7.25.jar;H:\maven_local_repository\org\slf4j\log4j-over-slf4j\1.7.25\log4j-over-slf4j-1.7.25.jar;H:\maven_local_repository\org\yaml\snakeyaml\1.17\snakeyaml-1.17.jar;H:\maven_local_repository\org\springframework\boot\spring-boot-starter-tomcat\1.5.12.RELEASE\spring-boot-starter-tomcat-1.5.12.RELEASE.jar;H:\maven_local_repository\org\apache\tomcat\embed\tomcat-embed-core\8.5.29\tomcat-embed-core-8.5.29.jar;H:\maven_local_repository\org\apache\tomcat\tomcat-annotations-api\8.5.29\tomcat-annotations-api-8.5.29.jar;H:\maven_local_repository\org\apache\tomcat\embed\tomcat-embed-el\8.5.29\tomcat-embed-el-8.5.29.jar;H:\maven_local_repository\org\apache\tomcat\embed\tomcat-embed-websocket\8.5.29\tomcat-embed-websocket-8.5.29.jar;H:\maven_local_repository\org\hibernate\hibernate-validator\5.3.6.Final\hibernate-validator-5.3.6.Final.jar;H:\maven_local_repository\javax\validation\validation-api\1.1.0.Final\validation-api-1.1.0.Final.jar;H:\maven_local_repository\org\jboss\logging\jboss-logging\3.3.2.Final\jboss-logging-3.3.2.Final.jar;H:\maven_local_repository\com\fasterxml\classmate\1.3.4\classmate-1.3.4.jar;H:\maven_local_repository\com\fasterxml\jackson\core\jackson-databind\2.8.11.1\jackson-databind-2.8.11.1.jar;H:\maven_local_repository\com\fasterxml\jackson\core\jackson-annotations\2.8.0\jackson-annotations-2.8.0.jar;H:\maven_local_repository\com\fasterxml\jackson\core\jackson-core\2.8.11\jackson-core-2.8.11.jar;H:\maven_local_repository\org\springframework\spring-web\4.3.16.RELEASE\spring-web-4.3.16.RELEASE.jar;H:\maven_local_repository\org\springframework\spring-aop\4.3.16.RELEASE\spring-aop-4.3.16.RELEASE.jar;H:\maven_local_repository\org\springframework\spring-beans\4.3.16.RELEASE\spring-beans-4.3.16.RELEASE.jar;H:\maven_local_repository\org\springframework\spring-context\4.3.16.RELEASE\spring-context-4.3.16.RELEASE.jar;H:\maven_local_repository\org\springframework\spring-webmvc\4.3.16.RELEASE\spring-webmvc-4.3.16.RELEASE.jar;H:\maven_local_repository\org\springframework\spring-expression\4.3.16.RELEASE\spring-expression-4.3.16.RELEASE.jar;H:\maven_local_repository\com\alibaba\boot\dubbo-spring-boot-starter\0.1.0\dubbo-spring-boot-starter-0.1.0.jar;H:\maven_local_repository\com\alibaba\dubbo\2.5.10\dubbo-2.5.10.jar;H:\maven_local_repository\org\javassist\javassist\3.21.0-GA\javassist-3.21.0-GA.jar;H:\maven_local_repository\org\jboss\netty\netty\3.2.5.Final\netty-3.2.5.Final.jar;H:\maven_local_repository\org\apache\zookeeper\zookeeper\3.4.9\zookeeper-3.4.9.jar;H:\maven_local_repository\jline\jline\0.9.94\jline-0.9.94.jar;H:\maven_local_repository\io\netty\netty\3.10.5.Final\netty-3.10.5.Final.jar;H:\maven_local_repository\org\apache\curator\curator-framework\2.12.0\curator-framework-2.12.0.jar;H:\maven_local_repository\org\apache\curator\curator-client\2.12.0\curator-client-2.12.0.jar;H:\maven_local_repository\com\google\guava\guava\16.0.1\guava-16.0.1.jar;H:\maven_local_repository\com\alibaba\boot\dubbo-spring-boot-autoconfigure\0.1.0\dubbo-spring-boot-autoconfigure-0.1.0.jar;H:\maven_local_repository\com\alibaba\boot\dubbo-spring-boot-actuator\0.1.0\dubbo-spring-boot-actuator-0.1.0.jar;H:\maven_local_repository\com\github\sgroschupf\zkclient\0.1\zkclient-0.1.jar;H:\maven_local_repository\log4j\log4j\1.2.14\log4j-1.2.14.jar;H:\maven_local_repository\com\badboyh2o\maven\dubbo-provider-api\0.0.1-SNAPSHOT\dubbo-provider-api-0.0.1-SNAPSHOT.jar;, java.specification.name=Java Platform API Specification, java.class.version=52.0, sun.management.compiler=HotSpot Client Compiler, os.version=6.1, user.home=C:\Users\Administrator, user.timezone=Asia/Shanghai, java.awt.printerjob=sun.awt.windows.WPrinterJob, file.encoding=GBK, java.specification.version=1.8, java.class.path=H:\eclipse-javaEE\dubbo-learning-comsumer\dubbo-comsumer-impl\target\test-classes;H:\eclipse-javaEE\dubbo-learning-comsumer\dubbo-comsumer-impl\target\classes;H:\eclipse-javaEE\dubbo-learning-comsumer\dubbo-comsumer-api\target\dubbo-comsumer-api.jar;H:\maven_local_repository\org\springframework\boot\spring-boot-starter-test\1.5.12.RELEASE\spring-boot-starter-test-1.5.12.RELEASE.jar;H:\maven_local_repository\org\springframework\boot\spring-boot-test\1.5.12.RELEASE\spring-boot-test-1.5.12.RELEASE.jar;H:\maven_local_repository\org\springframework\boot\spring-boot\1.5.12.RELEASE\spring-boot-1.5.12.RELEASE.jar;H:\maven_local_repository\org\springframework\boot\spring-boot-test-autoconfigure\1.5.12.RELEASE\spring-boot-test-autoconfigure-1.5.12.RELEASE.jar;H:\maven_local_repository\org\springframework\boot\spring-boot-autoconfigure\1.5.12.RELEASE\spring-boot-autoconfigure-1.5.12.RELEASE.jar;H:\maven_local_repository\com\jayway\jsonpath\json-path\2.2.0\json-path-2.2.0.jar;H:\maven_local_repository\net\minidev\json-smart\2.2.1\json-smart-2.2.1.jar;H:\maven_local_repository\net\minidev\accessors-smart\1.1\accessors-smart-1.1.jar;H:\maven_local_repository\org\ow2\asm\asm\5.0.3\asm-5.0.3.jar;H:\maven_local_repository\org\slf4j\slf4j-api\1.7.25\slf4j-api-1.7.25.jar;H:\maven_local_repository\junit\junit\4.12\junit-4.12.jar;H:\maven_local_repository\org\assertj\assertj-core\2.6.0\assertj-core-2.6.0.jar;H:\maven_local_repository\org\mockito\mockito-core\1.10.19\mockito-core-1.10.19.jar;H:\maven_local_repository\org\objenesis\objenesis\2.1\objenesis-2.1.jar;H:\maven_local_repository\org\hamcrest\hamcrest-core\1.3\hamcrest-core-1.3.jar;H:\maven_local_repository\org\hamcrest\hamcrest-library\1.3\hamcrest-library-1.3.jar;H:\maven_local_repository\org\skyscreamer\jsonassert\1.4.0\jsonassert-1.4.0.jar;H:\maven_local_repository\com\vaadin\external\google\android-json\0.0.20131108.vaadin1\android-json-0.0.20131108.vaadin1.jar;H:\maven_local_repository\org\springframework\spring-core\4.3.16.RELEASE\spring-core-4.3.16.RELEASE.jar;H:\maven_local_repository\org\springframework\spring-test\4.3.16.RELEASE\spring-test-4.3.16.RELEASE.jar;H:\maven_local_repository\org\springframework\boot\spring-boot-starter-web\1.5.12.RELEASE\spring-boot-starter-web-1.5.12.RELEASE.jar;H:\maven_local_repository\org\springframework\boot\spring-boot-starter\1.5.12.RELEASE\spring-boot-starter-1.5.12.RELEASE.jar;H:\maven_local_repository\org\springframework\boot\spring-boot-starter-logging\1.5.12.RELEASE\spring-boot-starter-logging-1.5.12.RELEASE.jar;H:\maven_local_repository\ch\qos\logback\logback-classic\1.1.11\logback-classic-1.1.11.jar;H:\maven_local_repository\ch\qos\logback\logback-core\1.1.11\logback-core-1.1.11.jar;H:\maven_local_repository\org\slf4j\jcl-over-slf4j\1.7.25\jcl-over-slf4j-1.7.25.jar;H:\maven_local_repository\org\slf4j\jul-to-slf4j\1.7.25\jul-to-slf4j-1.7.25.jar;H:\maven_local_repository\org\slf4j\log4j-over-slf4j\1.7.25\log4j-over-slf4j-1.7.25.jar;H:\maven_local_repository\org\yaml\snakeyaml\1.17\snakeyaml-1.17.jar;H:\maven_local_repository\org\springframework\boot\spring-boot-starter-tomcat\1.5.12.RELEASE\spring-boot-starter-tomcat-1.5.12.RELEASE.jar;H:\maven_local_repository\org\apache\tomcat\embed\tomcat-embed-core\8.5.29\tomcat-embed-core-8.5.29.jar;H:\maven_local_repository\org\apache\tomcat\tomcat-annotations-api\8.5.29\tomcat-annotations-api-8.5.29.jar;H:\maven_local_repository\org\apache\tomcat\embed\tomcat-embed-el\8.5.29\tomcat-embed-el-8.5.29.jar;H:\maven_local_repository\org\apache\tomcat\embed\tomcat-embed-websocket\8.5.29\tomcat-embed-websocket-8.5.29.jar;H:\maven_local_repository\org\hibernate\hibernate-validator\5.3.6.Final\hibernate-validator-5.3.6.Final.jar;H:\maven_local_repository\javax\validation\validation-api\1.1.0.Final\validation-api-1.1.0.Final.jar;H:\maven_local_repository\org\jboss\logging\jboss-logging\3.3.2.Final\jboss-logging-3.3.2.Final.jar;H:\maven_local_repository\com\fasterxml\classmate\1.3.4\classmate-1.3.4.jar;H:\maven_local_repository\com\fasterxml\jackson\core\jackson-databind\2.8.11.1\jackson-databind-2.8.11.1.jar;H:\maven_local_repository\com\fasterxml\jackson\core\jackson-annotations\2.8.0\jackson-annotations-2.8.0.jar;H:\maven_local_repository\com\fasterxml\jackson\core\jackson-core\2.8.11\jackson-core-2.8.11.jar;H:\maven_local_repository\org\springframework\spring-web\4.3.16.RELEASE\spring-web-4.3.16.RELEASE.jar;H:\maven_local_repository\org\springframework\spring-aop\4.3.16.RELEASE\spring-aop-4.3.16.RELEASE.jar;H:\maven_local_repository\org\springframework\spring-beans\4.3.16.RELEASE\spring-beans-4.3.16.RELEASE.jar;H:\maven_local_repository\org\springframework\spring-context\4.3.16.RELEASE\spring-context-4.3.16.RELEASE.jar;H:\maven_local_repository\org\springframework\spring-webmvc\4.3.16.RELEASE\spring-webmvc-4.3.16.RELEASE.jar;H:\maven_local_repository\org\springframework\spring-expression\4.3.16.RELEASE\spring-expression-4.3.16.RELEASE.jar;H:\maven_local_repository\com\alibaba\boot\dubbo-spring-boot-starter\0.1.0\dubbo-spring-boot-starter-0.1.0.jar;H:\maven_local_repository\com\alibaba\dubbo\2.5.10\dubbo-2.5.10.jar;H:\maven_local_repository\org\javassist\javassist\3.21.0-GA\javassist-3.21.0-GA.jar;H:\maven_local_repository\org\jboss\netty\netty\3.2.5.Final\netty-3.2.5.Final.jar;H:\maven_local_repository\org\apache\zookeeper\zookeeper\3.4.9\zookeeper-3.4.9.jar;H:\maven_local_repository\jline\jline\0.9.94\jline-0.9.94.jar;H:\maven_local_repository\io\netty\netty\3.10.5.Final\netty-3.10.5.Final.jar;H:\maven_local_repository\org\apache\curator\curator-framework\2.12.0\curator-framework-2.12.0.jar;H:\maven_local_repository\org\apache\curator\curator-client\2.12.0\curator-client-2.12.0.jar;H:\maven_local_repository\com\google\guava\guava\16.0.1\guava-16.0.1.jar;H:\maven_local_repository\com\alibaba\boot\dubbo-spring-boot-autoconfigure\0.1.0\dubbo-spring-boot-autoconfigure-0.1.0.jar;H:\maven_local_repository\com\alibaba\boot\dubbo-spring-boot-actuator\0.1.0\dubbo-spring-boot-actuator-0.1.0.jar;H:\maven_local_repository\com\github\sgroschupf\zkclient\0.1\zkclient-0.1.jar;H:\maven_local_repository\log4j\log4j\1.2.14\log4j-1.2.14.jar;H:\maven_local_repository\com\badboyh2o\maven\dubbo-provider-api\0.0.1-SNAPSHOT\dubbo-provider-api-0.0.1-SNAPSHOT.jar;, user.name=Administrator, java.vm.specification.version=1.8, sun.java.command=H:\eclipse-javaEE\dubbo-learning-comsumer\dubbo-comsumer-impl\target\surefire\surefirebooter7342471576522627606.jar H:\eclipse-javaEE\dubbo-learning-comsumer\dubbo-comsumer-impl\target\surefire\surefire7972249065934277993tmp H:\eclipse-javaEE\dubbo-learning-comsumer\dubbo-comsumer-impl\target\surefire\surefire_02052196353070802975tmp, java.home=C:\Java\jdk\jre, sun.arch.data.model=32, user.language=zh, java.specification.vendor=Oracle Corporation, awt.toolkit=sun.awt.windows.WToolkit, java.vm.info=mixed mode, java.version=1.8.0_91, java.ext.dirs=C:\Java\jdk\jre\lib\ext;C:\Windows\Sun\Java\lib\ext, sun.boot.class.path=C:\Java\jdk\jre\lib\resources.jar;C:\Java\jdk\jre\lib\rt.jar;C:\Java\jdk\jre\lib\sunrsasign.jar;C:\Java\jdk\jre\lib\jsse.jar;C:\Java\jdk\jre\lib\jce.jar;C:\Java\jdk\jre\lib\charsets.jar;C:\Java\jdk\jre\lib\jfr.jar;C:\Java\jdk\jre\classes, java.vendor=Oracle Corporation, localRepository=H:\maven_local_repository, file.separator=\, java.vendor.url.bug=http://bugreport.sun.com/bugreport/, sun.io.unicode.encoding=UnicodeLittle, sun.cpu.endian=little, sun.desktop=windows, sun.cpu.isalist=pentium_pro+mmx pentium_pro pentium+mmx pentium i486 i386 i86}}, SystemEnvironmentPropertySource@22519311 {name=&apos;systemEnvironment&apos;, properties={PATH=C:/Java/jdk/bin/../jre/bin/client;C:/Java/jdk/bin/../jre/bin;C:/Java/jdk/bin/../jre/lib/i386;E:\apache-maven-3.5.4\bin;E:\Redis-x64-3.2.100;C:\Java\jdk\bin;C:\Java\jre\bin;E:\Oracle_11gR2\product\11.2.0\dbhome_1\bin;C:\ProgramData\Oracle\Java\javapath;C:\Program Files (x86)\Java\jdk1.8.0_91\bin;C:\Program Files (x86)\PC Connectivity Solution\;C:\Program Files (x86)\Intel\iCLS Client\;C:\Program Files\Intel\iCLS Client\;C:\Program Files (x86)\NVIDIA Corporation\PhysX\Common;C:\Windows\system32;C:\Windows;C:\Windows\System32\Wbem;C:\Windows\System32\WindowsPowerShell\v1.0\;C:\Program Files\Intel\Intel(R) Management Engine Components\DAL;C:\Program Files (x86)\Intel\Intel(R) Management Engine Components\DAL;C:\Program Files\Intel\Intel(R) Management Engine Components\IPT;C:\Program Files (x86)\Intel\Intel(R) Management Engine Components\IPT ;E:\SVNserver\bin;E:\Git\cmd;E:\nodejs\;E:\utralEdit;C:\Program Files\TortoiseGit\bin;C:\Users\Administrator\AppData\Roaming\npm;E:\eclipse_javaee_win32;, PROCESSOR_LEVEL=6, SYSTEMDRIVE=C:, FP_NO_HOST_CHECK=NO, SESSIONNAME=Console, ALLUSERSPROFILE=C:\ProgramData, PROCESSOR_ARCHITECTURE=x86, NVIDIAWHITELISTED=0x01, PROGRAMFILES=C:\Program Files (x86), PSMODULEPATH=C:\Windows\system32\WindowsPowerShell\v1.0\Modules\;E:\SVNserver\PowerShellModules, PROGRAMDATA=C:\ProgramData, USERNAME=Administrator, VISUALSVN_SERVER=E:\SVNserver\, PATHEXT=.COM;.EXE;.BAT;.CMD;.VBS;.VBE;.JS;.JSE;.WSF;.WSH;.MSC, PROCESSOR_ARCHITEW6432=AMD64, _DFX_INSTALL_UNSIGNED_DRIVER=1, SHIM_MCCOMPAT=0x810000001, DEVMGR_SHOW_DETAILS=1, WINDIR=C:\Windows, HOMEPATH=\Users\Administrator, PROCESSOR_IDENTIFIER=Intel64 Family 6 Model 60 Stepping 3, GenuineIntel, WINDOWS_TRACING_LOGFILE=C:\BVTBin\Tests\installpackage\csilogfile.log, PUBLIC=C:\Users\Public, =::=::\, LOCALAPPDATA=C:\Users\Administrator\AppData\Local, COMMONPROGRAMFILES(X86)=C:\Program Files (x86)\Common Files, USERDOMAIN=UWKPGUYYZXDPCVS, LOGONSERVER=\\UWKPGUYYZXDPCVS, JAVA_HOME=C:\Java\jdk, PROMPT=$P$G, PROGRAMFILES(X86)=C:\Program Files (x86), ASL.LOG=Destination=file, WINDOWS_TRACING_FLAGS=3, APPDATA=C:\Users\Administrator\AppData\Roaming, PROGRAMW6432=C:\Program Files, SYSTEMROOT=C:\Windows, OS=Windows_NT, COMMONPROGRAMW6432=C:\Program Files\Common Files, COMPUTERNAME=UWKPGUYYZXDPCVS, COMMONPROGRAMFILES=C:\Program Files (x86)\Common Files, COMSPEC=C:\Windows\system32\cmd.exe, PROCESSOR_REVISION=3c03, CLASSPATH=.;C:\Java\jdk\lib;C:\Java\jdk\lib\dt.jar;C:\Java\jdk\lib\tools.jar, =H:=H:\eclipse-javaEE\dubbo-learning-comsumer\dubbo-comsumer-impl, #ENVTSLOGSSS1116=4036368, TEMP=C:\Users\ADMINI~1\AppData\Local\Temp, HOMEDRIVE=C:, USERPROFILE=C:\Users\Administrator, TMP=C:\Users\ADMINI~1\AppData\Local\Temp, NUMBER_OF_PROCESSORS=4}}]
19:54:14.216 [main] DEBUG org.springframework.core.io.support.PathMatchingResourcePatternResolver - Resolved classpath location [org/dubbo/comsumer/impl/] to resources [URL [file:/H:/eclipse-javaEE/dubbo-learning-comsumer/dubbo-comsumer-impl/target/test-classes/org/dubbo/comsumer/impl/], URL [file:/H:/eclipse-javaEE/dubbo-learning-comsumer/dubbo-comsumer-impl/target/classes/org/dubbo/comsumer/impl/]]
19:54:14.217 [main] DEBUG org.springframework.core.io.support.PathMatchingResourcePatternResolver - Looking for matching resources in directory tree [H:\eclipse-javaEE\dubbo-learning-comsumer\dubbo-comsumer-impl\target\test-classes\org\dubbo\comsumer\impl]
19:54:14.217 [main] DEBUG org.springframework.core.io.support.PathMatchingResourcePatternResolver - Searching directory [H:\eclipse-javaEE\dubbo-learning-comsumer\dubbo-comsumer-impl\target\test-classes\org\dubbo\comsumer\impl] for files matching pattern [H:/eclipse-javaEE/dubbo-learning-comsumer/dubbo-comsumer-impl/target/test-classes/org/dubbo/comsumer/impl/*.class]
19:54:14.219 [main] DEBUG org.springframework.core.io.support.PathMatchingResourcePatternResolver - Looking for matching resources in directory tree [H:\eclipse-javaEE\dubbo-learning-comsumer\dubbo-comsumer-impl\target\classes\org\dubbo\comsumer\impl]
19:54:14.220 [main] DEBUG org.springframework.core.io.support.PathMatchingResourcePatternResolver - Searching directory [H:\eclipse-javaEE\dubbo-learning-comsumer\dubbo-comsumer-impl\target\classes\org\dubbo\comsumer\impl] for files matching pattern [H:/eclipse-javaEE/dubbo-learning-comsumer/dubbo-comsumer-impl/target/classes/org/dubbo/comsumer/impl/*.class]
19:54:14.220 [main] DEBUG org.springframework.core.io.support.PathMatchingResourcePatternResolver - Resolved location pattern [classpath*:org/dubbo/comsumer/impl/*.class] to resources [file [H:\eclipse-javaEE\dubbo-learning-comsumer\dubbo-comsumer-impl\target\test-classes\org\dubbo\comsumer\impl\AppTest.class], file [H:\eclipse-javaEE\dubbo-learning-comsumer\dubbo-comsumer-impl\target\classes\org\dubbo\comsumer\impl\App.class], file [H:\eclipse-javaEE\dubbo-learning-comsumer\dubbo-comsumer-impl\target\classes\org\dubbo\comsumer\impl\ComsumerGetHello.class]]
19:54:14.277 [main] DEBUG org.springframework.context.annotation.ClassPathScanningCandidateComponentProvider - Identified candidate component class: file [H:\eclipse-javaEE\dubbo-learning-comsumer\dubbo-comsumer-impl\target\classes\org\dubbo\comsumer\impl\App.class]
19:54:14.280 [main] INFO org.springframework.boot.test.context.SpringBootTestContextBootstrapper - Found @SpringBootConfiguration org.dubbo.comsumer.impl.App for test class org.dubbo.comsumer.impl.AppTest
19:54:14.288 [main] DEBUG org.springframework.boot.test.context.SpringBootTestContextBootstrapper - @TestExecutionListeners is not present for class [org.dubbo.comsumer.impl.AppTest]: using defaults.
19:54:14.292 [main] INFO org.springframework.boot.test.context.SpringBootTestContextBootstrapper - Loaded default TestExecutionListener class names from location [META-INF/spring.factories]: [org.springframework.boot.test.mock.mockito.MockitoTestExecutionListener, org.springframework.boot.test.mock.mockito.ResetMocksTestExecutionListener, org.springframework.boot.test.autoconfigure.restdocs.RestDocsTestExecutionListener, org.springframework.boot.test.autoconfigure.web.client.MockRestServiceServerResetTestExecutionListener, org.springframework.boot.test.autoconfigure.web.servlet.MockMvcPrintOnlyOnFailureTestExecutionListener, org.springframework.boot.test.autoconfigure.web.servlet.WebDriverTestExecutionListener, org.springframework.test.context.web.ServletTestExecutionListener, org.springframework.test.context.support.DirtiesContextBeforeModesTestExecutionListener, org.springframework.test.context.support.DependencyInjectionTestExecutionListener, org.springframework.test.context.support.DirtiesContextTestExecutionListener, org.springframework.test.context.transaction.TransactionalTestExecutionListener, org.springframework.test.context.jdbc.SqlScriptsTestExecutionListener]
19:54:14.311 [main] DEBUG org.springframework.boot.test.context.SpringBootTestContextBootstrapper - Could not instantiate TestExecutionListener [org.springframework.test.context.transaction.TransactionalTestExecutionListener]. Specify custom listener classes or make the default listener classes (and their required dependencies) available. Offending class: [org/springframework/transaction/interceptor/TransactionAttributeSource]
19:54:14.311 [main] DEBUG org.springframework.boot.test.context.SpringBootTestContextBootstrapper - Could not instantiate TestExecutionListener [org.springframework.test.context.jdbc.SqlScriptsTestExecutionListener]. Specify custom listener classes or make the default listener classes (and their required dependencies) available. Offending class: [org/springframework/transaction/interceptor/TransactionAttribute]
19:54:14.312 [main] INFO org.springframework.boot.test.context.SpringBootTestContextBootstrapper - Using TestExecutionListeners: [org.springframework.test.context.web.ServletTestExecutionListener@cf48b7, org.springframework.test.context.support.DirtiesContextBeforeModesTestExecutionListener@19b62af, org.springframework.boot.test.mock.mockito.MockitoTestExecutionListener@dd8682, org.springframework.boot.test.autoconfigure.SpringBootDependencyInjectionTestExecutionListener@16da883, org.springframework.test.context.support.DirtiesContextTestExecutionListener@1afc369, org.springframework.boot.test.mock.mockito.ResetMocksTestExecutionListener@19d4f69, org.springframework.boot.test.autoconfigure.restdocs.RestDocsTestExecutionListener@1c43f4e, org.springframework.boot.test.autoconfigure.web.client.MockRestServiceServerResetTestExecutionListener@10dbf45, org.springframework.boot.test.autoconfigure.web.servlet.MockMvcPrintOnlyOnFailureTestExecutionListener@28586, org.springframework.boot.test.autoconfigure.web.servlet.WebDriverTestExecutionListener@17776a8]
19:54:14.313 [main] DEBUG org.springframework.test.annotation.ProfileValueUtils - Retrieved @ProfileValueSourceConfiguration [null] for test class [org.dubbo.comsumer.impl.AppTest]
19:54:14.314 [main] DEBUG org.springframework.test.annotation.ProfileValueUtils - Retrieved ProfileValueSource type [class org.springframework.test.annotation.SystemProfileValueSource] for class [org.dubbo.comsumer.impl.AppTest]
19:54:14.315 [main] DEBUG org.springframework.test.annotation.ProfileValueUtils - Retrieved @ProfileValueSourceConfiguration [null] for test class [org.dubbo.comsumer.impl.AppTest]
19:54:14.316 [main] DEBUG org.springframework.test.annotation.ProfileValueUtils - Retrieved ProfileValueSource type [class org.springframework.test.annotation.SystemProfileValueSource] for class [org.dubbo.comsumer.impl.AppTest]
19:54:14.324 [main] DEBUG org.springframework.test.context.support.AbstractDirtiesContextTestExecutionListener - Before test class: context [DefaultTestContext@1a947fe testClass = AppTest, testInstance = [null], testMethod = [null], testException = [null], mergedContextConfiguration = [WebMergedContextConfiguration@1606c0b testClass = AppTest, locations = &apos;{}&apos;, classes = &apos;{class org.dubbo.comsumer.impl.App}&apos;, contextInitializerClasses = &apos;[]&apos;, activeProfiles = &apos;{}&apos;, propertySourceLocations = &apos;{}&apos;, propertySourceProperties = &apos;{org.springframework.boot.test.context.SpringBootTestContextBootstrapper=true}&apos;, contextCustomizers = set[org.springframework.boot.test.context.SpringBootTestContextCustomizer@1df90b0, org.springframework.boot.test.context.filter.ExcludeFilterContextCustomizer@8e6209, org.springframework.boot.test.json.DuplicateJsonObjectContextCustomizerFactory$DuplicateJsonObjectContextCustomizer@9f73a2, org.springframework.boot.test.mock.mockito.MockitoContextCustomizer@0, org.springframework.boot.test.autoconfigure.properties.PropertyMappingContextCustomizer@0, org.springframework.boot.test.autoconfigure.web.servlet.WebDriverContextCustomizerFactory$Customizer@1be0360], resourceBasePath = &apos;src/main/webapp&apos;, contextLoader = &apos;org.springframework.boot.test.context.SpringBootContextLoader&apos;, parent = [null]]], class annotated with @DirtiesContext [false] with mode [null].
19:54:14.325 [main] DEBUG org.springframework.test.annotation.ProfileValueUtils - Retrieved @ProfileValueSourceConfiguration [null] for test class [org.dubbo.comsumer.impl.AppTest]
19:54:14.325 [main] DEBUG org.springframework.test.annotation.ProfileValueUtils - Retrieved ProfileValueSource type [class org.springframework.test.annotation.SystemProfileValueSource] for class [org.dubbo.comsumer.impl.AppTest]
19:54:14.400 [main] DEBUG org.springframework.core.env.StandardEnvironment - Adding PropertySource &apos;systemProperties&apos; with lowest search precedence
19:54:14.400 [main] DEBUG org.springframework.core.env.StandardEnvironment - Adding PropertySource &apos;systemEnvironment&apos; with lowest search precedence
19:54:14.400 [main] DEBUG org.springframework.core.env.StandardEnvironment - Initialized StandardEnvironment with PropertySources [MapPropertySource@28287291 {name=&apos;systemProperties&apos;, properties={java.runtime.name=Java(TM) SE Runtime Environment, sun.boot.library.path=C:\Java\jdk\jre\bin, java.vm.version=25.91-b15, java.vm.vendor=Oracle Corporation, java.vendor.url=http://java.oracle.com/, path.separator=;, java.vm.name=Java HotSpot(TM) Client VM, file.encoding.pkg=sun.io, user.country=CN, user.script=, sun.java.launcher=SUN_STANDARD, sun.os.patch.level=Service Pack 1, java.vm.specification.name=Java Virtual Machine Specification, user.dir=H:\eclipse-javaEE\dubbo-learning-comsumer\dubbo-comsumer-impl, java.runtime.version=1.8.0_91-b15, basedir=H:\eclipse-javaEE\dubbo-learning-comsumer\dubbo-comsumer-impl, java.awt.graphicsenv=sun.awt.Win32GraphicsEnvironment, java.endorsed.dirs=C:\Java\jdk\jre\lib\endorsed, os.arch=x86, surefire.real.class.path=H:\eclipse-javaEE\dubbo-learning-comsumer\dubbo-comsumer-impl\target\surefire\surefirebooter7342471576522627606.jar, java.io.tmpdir=C:\Users\ADMINI~1\AppData\Local\Temp\, line.separator=
, java.vm.specification.vendor=Oracle Corporation, user.variant=, os.name=Windows 7, sun.jnu.encoding=GBK, java.library.path=C:\Java\jdk\jre\bin;C:\Windows\Sun\Java\bin;C:\Windows\system32;C:\Windows;C:/Java/jdk/bin/../jre/bin/client;C:/Java/jdk/bin/../jre/bin;C:/Java/jdk/bin/../jre/lib/i386;E:\apache-maven-3.5.4\bin;E:\Redis-x64-3.2.100;C:\Java\jdk\bin;C:\Java\jre\bin;E:\Oracle_11gR2\product\11.2.0\dbhome_1\bin;C:\ProgramData\Oracle\Java\javapath;C:\Program Files (x86)\Java\jdk1.8.0_91\bin;C:\Program Files (x86)\PC Connectivity Solution\;C:\Program Files (x86)\Intel\iCLS Client\;C:\Program Files\Intel\iCLS Client\;C:\Program Files (x86)\NVIDIA Corporation\PhysX\Common;C:\Windows\system32;C:\Windows;C:\Windows\System32\Wbem;C:\Windows\System32\WindowsPowerShell\v1.0\;C:\Program Files\Intel\Intel(R) Management Engine Components\DAL;C:\Program Files (x86)\Intel\Intel(R) Management Engine Components\DAL;C:\Program Files\Intel\Intel(R) Management Engine Components\IPT;C:\Program Files (x86)\Intel\Intel(R) Management Engine Components\IPT ;E:\SVNserver\bin;E:\Git\cmd;E:\nodejs\;E:\utralEdit;C:\Program Files\TortoiseGit\bin;C:\Users\Administrator\AppData\Roaming\npm;E:\eclipse_javaee_win32;;., surefire.test.class.path=H:\eclipse-javaEE\dubbo-learning-comsumer\dubbo-comsumer-impl\target\test-classes;H:\eclipse-javaEE\dubbo-learning-comsumer\dubbo-comsumer-impl\target\classes;H:\eclipse-javaEE\dubbo-learning-comsumer\dubbo-comsumer-api\target\dubbo-comsumer-api.jar;H:\maven_local_repository\org\springframework\boot\spring-boot-starter-test\1.5.12.RELEASE\spring-boot-starter-test-1.5.12.RELEASE.jar;H:\maven_local_repository\org\springframework\boot\spring-boot-test\1.5.12.RELEASE\spring-boot-test-1.5.12.RELEASE.jar;H:\maven_local_repository\org\springframework\boot\spring-boot\1.5.12.RELEASE\spring-boot-1.5.12.RELEASE.jar;H:\maven_local_repository\org\springframework\boot\spring-boot-test-autoconfigure\1.5.12.RELEASE\spring-boot-test-autoconfigure-1.5.12.RELEASE.jar;H:\maven_local_repository\org\springframework\boot\spring-boot-autoconfigure\1.5.12.RELEASE\spring-boot-autoconfigure-1.5.12.RELEASE.jar;H:\maven_local_repository\com\jayway\jsonpath\json-path\2.2.0\json-path-2.2.0.jar;H:\maven_local_repository\net\minidev\json-smart\2.2.1\json-smart-2.2.1.jar;H:\maven_local_repository\net\minidev\accessors-smart\1.1\accessors-smart-1.1.jar;H:\maven_local_repository\org\ow2\asm\asm\5.0.3\asm-5.0.3.jar;H:\maven_local_repository\org\slf4j\slf4j-api\1.7.25\slf4j-api-1.7.25.jar;H:\maven_local_repository\junit\junit\4.12\junit-4.12.jar;H:\maven_local_repository\org\assertj\assertj-core\2.6.0\assertj-core-2.6.0.jar;H:\maven_local_repository\org\mockito\mockito-core\1.10.19\mockito-core-1.10.19.jar;H:\maven_local_repository\org\objenesis\objenesis\2.1\objenesis-2.1.jar;H:\maven_local_repository\org\hamcrest\hamcrest-core\1.3\hamcrest-core-1.3.jar;H:\maven_local_repository\org\hamcrest\hamcrest-library\1.3\hamcrest-library-1.3.jar;H:\maven_local_repository\org\skyscreamer\jsonassert\1.4.0\jsonassert-1.4.0.jar;H:\maven_local_repository\com\vaadin\external\google\android-json\0.0.20131108.vaadin1\android-json-0.0.20131108.vaadin1.jar;H:\maven_local_repository\org\springframework\spring-core\4.3.16.RELEASE\spring-core-4.3.16.RELEASE.jar;H:\maven_local_repository\org\springframework\spring-test\4.3.16.RELEASE\spring-test-4.3.16.RELEASE.jar;H:\maven_local_repository\org\springframework\boot\spring-boot-starter-web\1.5.12.RELEASE\spring-boot-starter-web-1.5.12.RELEASE.jar;H:\maven_local_repository\org\springframework\boot\spring-boot-starter\1.5.12.RELEASE\spring-boot-starter-1.5.12.RELEASE.jar;H:\maven_local_repository\org\springframework\boot\spring-boot-starter-logging\1.5.12.RELEASE\spring-boot-starter-logging-1.5.12.RELEASE.jar;H:\maven_local_repository\ch\qos\logback\logback-classic\1.1.11\logback-classic-1.1.11.jar;H:\maven_local_repository\ch\qos\logback\logback-core\1.1.11\logback-core-1.1.11.jar;H:\maven_local_repository\org\slf4j\jcl-over-slf4j\1.7.25\jcl-over-slf4j-1.7.25.jar;H:\maven_local_repository\org\slf4j\jul-to-slf4j\1.7.25\jul-to-slf4j-1.7.25.jar;H:\maven_local_repository\org\slf4j\log4j-over-slf4j\1.7.25\log4j-over-slf4j-1.7.25.jar;H:\maven_local_repository\org\yaml\snakeyaml\1.17\snakeyaml-1.17.jar;H:\maven_local_repository\org\springframework\boot\spring-boot-starter-tomcat\1.5.12.RELEASE\spring-boot-starter-tomcat-1.5.12.RELEASE.jar;H:\maven_local_repository\org\apache\tomcat\embed\tomcat-embed-core\8.5.29\tomcat-embed-core-8.5.29.jar;H:\maven_local_repository\org\apache\tomcat\tomcat-annotations-api\8.5.29\tomcat-annotations-api-8.5.29.jar;H:\maven_local_repository\org\apache\tomcat\embed\tomcat-embed-el\8.5.29\tomcat-embed-el-8.5.29.jar;H:\maven_local_repository\org\apache\tomcat\embed\tomcat-embed-websocket\8.5.29\tomcat-embed-websocket-8.5.29.jar;H:\maven_local_repository\org\hibernate\hibernate-validator\5.3.6.Final\hibernate-validator-5.3.6.Final.jar;H:\maven_local_repository\javax\validation\validation-api\1.1.0.Final\validation-api-1.1.0.Final.jar;H:\maven_local_repository\org\jboss\logging\jboss-logging\3.3.2.Final\jboss-logging-3.3.2.Final.jar;H:\maven_local_repository\com\fasterxml\classmate\1.3.4\classmate-1.3.4.jar;H:\maven_local_repository\com\fasterxml\jackson\core\jackson-databind\2.8.11.1\jackson-databind-2.8.11.1.jar;H:\maven_local_repository\com\fasterxml\jackson\core\jackson-annotations\2.8.0\jackson-annotations-2.8.0.jar;H:\maven_local_repository\com\fasterxml\jackson\core\jackson-core\2.8.11\jackson-core-2.8.11.jar;H:\maven_local_repository\org\springframework\spring-web\4.3.16.RELEASE\spring-web-4.3.16.RELEASE.jar;H:\maven_local_repository\org\springframework\spring-aop\4.3.16.RELEASE\spring-aop-4.3.16.RELEASE.jar;H:\maven_local_repository\org\springframework\spring-beans\4.3.16.RELEASE\spring-beans-4.3.16.RELEASE.jar;H:\maven_local_repository\org\springframework\spring-context\4.3.16.RELEASE\spring-context-4.3.16.RELEASE.jar;H:\maven_local_repository\org\springframework\spring-webmvc\4.3.16.RELEASE\spring-webmvc-4.3.16.RELEASE.jar;H:\maven_local_repository\org\springframework\spring-expression\4.3.16.RELEASE\spring-expression-4.3.16.RELEASE.jar;H:\maven_local_repository\com\alibaba\boot\dubbo-spring-boot-starter\0.1.0\dubbo-spring-boot-starter-0.1.0.jar;H:\maven_local_repository\com\alibaba\dubbo\2.5.10\dubbo-2.5.10.jar;H:\maven_local_repository\org\javassist\javassist\3.21.0-GA\javassist-3.21.0-GA.jar;H:\maven_local_repository\org\jboss\netty\netty\3.2.5.Final\netty-3.2.5.Final.jar;H:\maven_local_repository\org\apache\zookeeper\zookeeper\3.4.9\zookeeper-3.4.9.jar;H:\maven_local_repository\jline\jline\0.9.94\jline-0.9.94.jar;H:\maven_local_repository\io\netty\netty\3.10.5.Final\netty-3.10.5.Final.jar;H:\maven_local_repository\org\apache\curator\curator-framework\2.12.0\curator-framework-2.12.0.jar;H:\maven_local_repository\org\apache\curator\curator-client\2.12.0\curator-client-2.12.0.jar;H:\maven_local_repository\com\google\guava\guava\16.0.1\guava-16.0.1.jar;H:\maven_local_repository\com\alibaba\boot\dubbo-spring-boot-autoconfigure\0.1.0\dubbo-spring-boot-autoconfigure-0.1.0.jar;H:\maven_local_repository\com\alibaba\boot\dubbo-spring-boot-actuator\0.1.0\dubbo-spring-boot-actuator-0.1.0.jar;H:\maven_local_repository\com\github\sgroschupf\zkclient\0.1\zkclient-0.1.jar;H:\maven_local_repository\log4j\log4j\1.2.14\log4j-1.2.14.jar;H:\maven_local_repository\com\badboyh2o\maven\dubbo-provider-api\0.0.1-SNAPSHOT\dubbo-provider-api-0.0.1-SNAPSHOT.jar;, java.specification.name=Java Platform API Specification, java.class.version=52.0, sun.management.compiler=HotSpot Client Compiler, os.version=6.1, user.home=C:\Users\Administrator, user.timezone=Asia/Shanghai, java.awt.printerjob=sun.awt.windows.WPrinterJob, file.encoding=GBK, java.specification.version=1.8, java.class.path=H:\eclipse-javaEE\dubbo-learning-comsumer\dubbo-comsumer-impl\target\test-classes;H:\eclipse-javaEE\dubbo-learning-comsumer\dubbo-comsumer-impl\target\classes;H:\eclipse-javaEE\dubbo-learning-comsumer\dubbo-comsumer-api\target\dubbo-comsumer-api.jar;H:\maven_local_repository\org\springframework\boot\spring-boot-starter-test\1.5.12.RELEASE\spring-boot-starter-test-1.5.12.RELEASE.jar;H:\maven_local_repository\org\springframework\boot\spring-boot-test\1.5.12.RELEASE\spring-boot-test-1.5.12.RELEASE.jar;H:\maven_local_repository\org\springframework\boot\spring-boot\1.5.12.RELEASE\spring-boot-1.5.12.RELEASE.jar;H:\maven_local_repository\org\springframework\boot\spring-boot-test-autoconfigure\1.5.12.RELEASE\spring-boot-test-autoconfigure-1.5.12.RELEASE.jar;H:\maven_local_repository\org\springframework\boot\spring-boot-autoconfigure\1.5.12.RELEASE\spring-boot-autoconfigure-1.5.12.RELEASE.jar;H:\maven_local_repository\com\jayway\jsonpath\json-path\2.2.0\json-path-2.2.0.jar;H:\maven_local_repository\net\minidev\json-smart\2.2.1\json-smart-2.2.1.jar;H:\maven_local_repository\net\minidev\accessors-smart\1.1\accessors-smart-1.1.jar;H:\maven_local_repository\org\ow2\asm\asm\5.0.3\asm-5.0.3.jar;H:\maven_local_repository\org\slf4j\slf4j-api\1.7.25\slf4j-api-1.7.25.jar;H:\maven_local_repository\junit\junit\4.12\junit-4.12.jar;H:\maven_local_repository\org\assertj\assertj-core\2.6.0\assertj-core-2.6.0.jar;H:\maven_local_repository\org\mockito\mockito-core\1.10.19\mockito-core-1.10.19.jar;H:\maven_local_repository\org\objenesis\objenesis\2.1\objenesis-2.1.jar;H:\maven_local_repository\org\hamcrest\hamcrest-core\1.3\hamcrest-core-1.3.jar;H:\maven_local_repository\org\hamcrest\hamcrest-library\1.3\hamcrest-library-1.3.jar;H:\maven_local_repository\org\skyscreamer\jsonassert\1.4.0\jsonassert-1.4.0.jar;H:\maven_local_repository\com\vaadin\external\google\android-json\0.0.20131108.vaadin1\android-json-0.0.20131108.vaadin1.jar;H:\maven_local_repository\org\springframework\spring-core\4.3.16.RELEASE\spring-core-4.3.16.RELEASE.jar;H:\maven_local_repository\org\springframework\spring-test\4.3.16.RELEASE\spring-test-4.3.16.RELEASE.jar;H:\maven_local_repository\org\springframework\boot\spring-boot-starter-web\1.5.12.RELEASE\spring-boot-starter-web-1.5.12.RELEASE.jar;H:\maven_local_repository\org\springframework\boot\spring-boot-starter\1.5.12.RELEASE\spring-boot-starter-1.5.12.RELEASE.jar;H:\maven_local_repository\org\springframework\boot\spring-boot-starter-logging\1.5.12.RELEASE\spring-boot-starter-logging-1.5.12.RELEASE.jar;H:\maven_local_repository\ch\qos\logback\logback-classic\1.1.11\logback-classic-1.1.11.jar;H:\maven_local_repository\ch\qos\logback\logback-core\1.1.11\logback-core-1.1.11.jar;H:\maven_local_repository\org\slf4j\jcl-over-slf4j\1.7.25\jcl-over-slf4j-1.7.25.jar;H:\maven_local_repository\org\slf4j\jul-to-slf4j\1.7.25\jul-to-slf4j-1.7.25.jar;H:\maven_local_repository\org\slf4j\log4j-over-slf4j\1.7.25\log4j-over-slf4j-1.7.25.jar;H:\maven_local_repository\org\yaml\snakeyaml\1.17\snakeyaml-1.17.jar;H:\maven_local_repository\org\springframework\boot\spring-boot-starter-tomcat\1.5.12.RELEASE\spring-boot-starter-tomcat-1.5.12.RELEASE.jar;H:\maven_local_repository\org\apache\tomcat\embed\tomcat-embed-core\8.5.29\tomcat-embed-core-8.5.29.jar;H:\maven_local_repository\org\apache\tomcat\tomcat-annotations-api\8.5.29\tomcat-annotations-api-8.5.29.jar;H:\maven_local_repository\org\apache\tomcat\embed\tomcat-embed-el\8.5.29\tomcat-embed-el-8.5.29.jar;H:\maven_local_repository\org\apache\tomcat\embed\tomcat-embed-websocket\8.5.29\tomcat-embed-websocket-8.5.29.jar;H:\maven_local_repository\org\hibernate\hibernate-validator\5.3.6.Final\hibernate-validator-5.3.6.Final.jar;H:\maven_local_repository\javax\validation\validation-api\1.1.0.Final\validation-api-1.1.0.Final.jar;H:\maven_local_repository\org\jboss\logging\jboss-logging\3.3.2.Final\jboss-logging-3.3.2.Final.jar;H:\maven_local_repository\com\fasterxml\classmate\1.3.4\classmate-1.3.4.jar;H:\maven_local_repository\com\fasterxml\jackson\core\jackson-databind\2.8.11.1\jackson-databind-2.8.11.1.jar;H:\maven_local_repository\com\fasterxml\jackson\core\jackson-annotations\2.8.0\jackson-annotations-2.8.0.jar;H:\maven_local_repository\com\fasterxml\jackson\core\jackson-core\2.8.11\jackson-core-2.8.11.jar;H:\maven_local_repository\org\springframework\spring-web\4.3.16.RELEASE\spring-web-4.3.16.RELEASE.jar;H:\maven_local_repository\org\springframework\spring-aop\4.3.16.RELEASE\spring-aop-4.3.16.RELEASE.jar;H:\maven_local_repository\org\springframework\spring-beans\4.3.16.RELEASE\spring-beans-4.3.16.RELEASE.jar;H:\maven_local_repository\org\springframework\spring-context\4.3.16.RELEASE\spring-context-4.3.16.RELEASE.jar;H:\maven_local_repository\org\springframework\spring-webmvc\4.3.16.RELEASE\spring-webmvc-4.3.16.RELEASE.jar;H:\maven_local_repository\org\springframework\spring-expression\4.3.16.RELEASE\spring-expression-4.3.16.RELEASE.jar;H:\maven_local_repository\com\alibaba\boot\dubbo-spring-boot-starter\0.1.0\dubbo-spring-boot-starter-0.1.0.jar;H:\maven_local_repository\com\alibaba\dubbo\2.5.10\dubbo-2.5.10.jar;H:\maven_local_repository\org\javassist\javassist\3.21.0-GA\javassist-3.21.0-GA.jar;H:\maven_local_repository\org\jboss\netty\netty\3.2.5.Final\netty-3.2.5.Final.jar;H:\maven_local_repository\org\apache\zookeeper\zookeeper\3.4.9\zookeeper-3.4.9.jar;H:\maven_local_repository\jline\jline\0.9.94\jline-0.9.94.jar;H:\maven_local_repository\io\netty\netty\3.10.5.Final\netty-3.10.5.Final.jar;H:\maven_local_repository\org\apache\curator\curator-framework\2.12.0\curator-framework-2.12.0.jar;H:\maven_local_repository\org\apache\curator\curator-client\2.12.0\curator-client-2.12.0.jar;H:\maven_local_repository\com\google\guava\guava\16.0.1\guava-16.0.1.jar;H:\maven_local_repository\com\alibaba\boot\dubbo-spring-boot-autoconfigure\0.1.0\dubbo-spring-boot-autoconfigure-0.1.0.jar;H:\maven_local_repository\com\alibaba\boot\dubbo-spring-boot-actuator\0.1.0\dubbo-spring-boot-actuator-0.1.0.jar;H:\maven_local_repository\com\github\sgroschupf\zkclient\0.1\zkclient-0.1.jar;H:\maven_local_repository\log4j\log4j\1.2.14\log4j-1.2.14.jar;H:\maven_local_repository\com\badboyh2o\maven\dubbo-provider-api\0.0.1-SNAPSHOT\dubbo-provider-api-0.0.1-SNAPSHOT.jar;, user.name=Administrator, java.vm.specification.version=1.8, sun.java.command=H:\eclipse-javaEE\dubbo-learning-comsumer\dubbo-comsumer-impl\target\surefire\surefirebooter7342471576522627606.jar H:\eclipse-javaEE\dubbo-learning-comsumer\dubbo-comsumer-impl\target\surefire\surefire7972249065934277993tmp H:\eclipse-javaEE\dubbo-learning-comsumer\dubbo-comsumer-impl\target\surefire\surefire_02052196353070802975tmp, java.home=C:\Java\jdk\jre, sun.arch.data.model=32, user.language=zh, java.specification.vendor=Oracle Corporation, awt.toolkit=sun.awt.windows.WToolkit, java.vm.info=mixed mode, java.version=1.8.0_91, java.ext.dirs=C:\Java\jdk\jre\lib\ext;C:\Windows\Sun\Java\lib\ext, sun.boot.class.path=C:\Java\jdk\jre\lib\resources.jar;C:\Java\jdk\jre\lib\rt.jar;C:\Java\jdk\jre\lib\sunrsasign.jar;C:\Java\jdk\jre\lib\jsse.jar;C:\Java\jdk\jre\lib\jce.jar;C:\Java\jdk\jre\lib\charsets.jar;C:\Java\jdk\jre\lib\jfr.jar;C:\Java\jdk\jre\classes, java.vendor=Oracle Corporation, localRepository=H:\maven_local_repository, file.separator=\, java.vendor.url.bug=http://bugreport.sun.com/bugreport/, sun.io.unicode.encoding=UnicodeLittle, sun.cpu.endian=little, sun.desktop=windows, sun.cpu.isalist=pentium_pro+mmx pentium_pro pentium+mmx pentium i486 i386 i86}}, SystemEnvironmentPropertySource@5032787 {name=&apos;systemEnvironment&apos;, properties={PATH=C:/Java/jdk/bin/../jre/bin/client;C:/Java/jdk/bin/../jre/bin;C:/Java/jdk/bin/../jre/lib/i386;E:\apache-maven-3.5.4\bin;E:\Redis-x64-3.2.100;C:\Java\jdk\bin;C:\Java\jre\bin;E:\Oracle_11gR2\product\11.2.0\dbhome_1\bin;C:\ProgramData\Oracle\Java\javapath;C:\Program Files (x86)\Java\jdk1.8.0_91\bin;C:\Program Files (x86)\PC Connectivity Solution\;C:\Program Files (x86)\Intel\iCLS Client\;C:\Program Files\Intel\iCLS Client\;C:\Program Files (x86)\NVIDIA Corporation\PhysX\Common;C:\Windows\system32;C:\Windows;C:\Windows\System32\Wbem;C:\Windows\System32\WindowsPowerShell\v1.0\;C:\Program Files\Intel\Intel(R) Management Engine Components\DAL;C:\Program Files (x86)\Intel\Intel(R) Management Engine Components\DAL;C:\Program Files\Intel\Intel(R) Management Engine Components\IPT;C:\Program Files (x86)\Intel\Intel(R) Management Engine Components\IPT ;E:\SVNserver\bin;E:\Git\cmd;E:\nodejs\;E:\utralEdit;C:\Program Files\TortoiseGit\bin;C:\Users\Administrator\AppData\Roaming\npm;E:\eclipse_javaee_win32;, PROCESSOR_LEVEL=6, SYSTEMDRIVE=C:, FP_NO_HOST_CHECK=NO, SESSIONNAME=Console, ALLUSERSPROFILE=C:\ProgramData, PROCESSOR_ARCHITECTURE=x86, NVIDIAWHITELISTED=0x01, PROGRAMFILES=C:\Program Files (x86), PSMODULEPATH=C:\Windows\system32\WindowsPowerShell\v1.0\Modules\;E:\SVNserver\PowerShellModules, PROGRAMDATA=C:\ProgramData, USERNAME=Administrator, VISUALSVN_SERVER=E:\SVNserver\, PATHEXT=.COM;.EXE;.BAT;.CMD;.VBS;.VBE;.JS;.JSE;.WSF;.WSH;.MSC, PROCESSOR_ARCHITEW6432=AMD64, _DFX_INSTALL_UNSIGNED_DRIVER=1, SHIM_MCCOMPAT=0x810000001, DEVMGR_SHOW_DETAILS=1, WINDIR=C:\Windows, HOMEPATH=\Users\Administrator, PROCESSOR_IDENTIFIER=Intel64 Family 6 Model 60 Stepping 3, GenuineIntel, WINDOWS_TRACING_LOGFILE=C:\BVTBin\Tests\installpackage\csilogfile.log, PUBLIC=C:\Users\Public, =::=::\, LOCALAPPDATA=C:\Users\Administrator\AppData\Local, COMMONPROGRAMFILES(X86)=C:\Program Files (x86)\Common Files, USERDOMAIN=UWKPGUYYZXDPCVS, LOGONSERVER=\\UWKPGUYYZXDPCVS, JAVA_HOME=C:\Java\jdk, PROMPT=$P$G, PROGRAMFILES(X86)=C:\Program Files (x86), ASL.LOG=Destination=file, WINDOWS_TRACING_FLAGS=3, APPDATA=C:\Users\Administrator\AppData\Roaming, PROGRAMW6432=C:\Program Files, SYSTEMROOT=C:\Windows, OS=Windows_NT, COMMONPROGRAMW6432=C:\Program Files\Common Files, COMPUTERNAME=UWKPGUYYZXDPCVS, COMMONPROGRAMFILES=C:\Program Files (x86)\Common Files, COMSPEC=C:\Windows\system32\cmd.exe, PROCESSOR_REVISION=3c03, CLASSPATH=.;C:\Java\jdk\lib;C:\Java\jdk\lib\dt.jar;C:\Java\jdk\lib\tools.jar, =H:=H:\eclipse-javaEE\dubbo-learning-comsumer\dubbo-comsumer-impl, #ENVTSLOGSSS1116=4036368, TEMP=C:\Users\ADMINI~1\AppData\Local\Temp, HOMEDRIVE=C:, USERPROFILE=C:\Users\Administrator, TMP=C:\Users\ADMINI~1\AppData\Local\Temp, NUMBER_OF_PROCESSORS=4}}]
19:54:14.402 [main] DEBUG org.springframework.core.env.MutablePropertySources - Adding PropertySource &apos;inline&apos; with highest search precedence
19:54:14.407 [main] DEBUG org.springframework.test.context.support.TestPropertySourceUtils - Adding inlined properties to environment: {spring.jmx.enabled=false, org.springframework.boot.test.context.SpringBootTestContextBootstrapper=true, server.port=-1}
19:54:14.407 [main] DEBUG org.springframework.core.env.StandardEnvironment - Adding PropertySource &apos;Inlined Test Properties&apos; with highest search precedence
2019-09-29 19:54:14.677  INFO 6336 --- [           main] c.a.dubbo.common.logger.LoggerFactory    : using logger: com.alibaba.dubbo.common.logger.log4j.Log4jLoggerAdapter
2019-09-29 19:54:14.681  INFO 6336 --- [           main] a.b.d.c.e.WelcomeLogoApplicationListener : 

  ████████▄  ███    █▄  ▀█████████▄  ▀█████████▄   ▄██████▄  
  ███   ▀███ ███    ███   ███    ███   ███    ███ ███    ███ 
  ███    ███ ███    ███   ███    ███   ███    ███ ███    ███ 
  ███    ███ ███    ███  ▄███▄▄▄██▀   ▄███▄▄▄██▀  ███    ███ 
  ███    ███ ███    ███ ▀▀███▀▀▀██▄  ▀▀███▀▀▀██▄  ███    ███ 
  ███    ███ ███    ███   ███    ██▄   ███    ██▄ ███    ███ 
  ███   ▄███ ███    ███   ███    ███   ███    ███ ███    ███ 
  ████████▀  ████████▀  ▄█████████▀  ▄█████████▀   ▀██████▀  
                                                             

 :: Dubbo Spring Boot (v0.1.0) : https://github.com/dubbo/dubbo-spring-boot-project
 :: Dubbo (v2.0.1) : https://github.com/alibaba/dubbo
 :: Google group : http://groups.google.com/group/dubbo

2019-09-29 19:54:14.687  INFO 6336 --- [           main] e.OverrideDubboConfigApplicationListener : Dubbo Config was overridden by externalized configuration {dubbo.application.name=comsumer, dubbo.registry.address=zookeeper://47.106.95.111:2181}

  .   ____          _            __ _ _
 /\\ / ___&apos;_ __ _ _(_)_ __  __ _ \ \ \ \
( ( )\___ | &apos;_ | &apos;_| | &apos;_ \/ _` | \ \ \ \
 \\/  ___)| |_)| | | | | || (_| |  ) ) ) )
  &apos;  |____| .__|_| |_|_| |_\__, | / / / /
 =========|_|==============|___/=/_/_/_/
 :: Spring Boot ::       (v1.5.12.RELEASE)

2019-09-29 19:54:14.770  INFO 6336 --- [           main] org.dubbo.comsumer.impl.AppTest          : Starting AppTest on UWKPGUYYZXDPCVS with PID 6336 (started by Administrator in H:\eclipse-javaEE\dubbo-learning-comsumer\dubbo-comsumer-impl)
2019-09-29 19:54:14.770  INFO 6336 --- [           main] org.dubbo.comsumer.impl.AppTest          : No active profile set, falling back to default profiles: default
2019-09-29 19:54:14.812  INFO 6336 --- [           main] o.s.w.c.s.GenericWebApplicationContext   : Refreshing org.springframework.web.context.support.GenericWebApplicationContext@194eab6: startup date [Sun Sep 29 19:54:14 CST 2019]; root of context hierarchy
2019-09-29 19:54:15.218  INFO 6336 --- [           main] .a.d.c.s.c.a.DubboConfigBindingRegistrar : The dubbo config bean definition [name : com.alibaba.dubbo.config.ApplicationConfig#0, class : com.alibaba.dubbo.config.ApplicationConfig] has been registered.
2019-09-29 19:54:15.219  INFO 6336 --- [           main] .a.d.c.s.c.a.DubboConfigBindingRegistrar : The BeanPostProcessor bean definition [com.alibaba.dubbo.config.spring.beans.factory.annotation.DubboConfigBindingBeanPostProcessor] for dubbo config bean [name : com.alibaba.dubbo.config.ApplicationConfig#0] has been registered.
2019-09-29 19:54:15.219  INFO 6336 --- [           main] .a.d.c.s.c.a.DubboConfigBindingRegistrar : The dubbo config bean definition [name : com.alibaba.dubbo.config.RegistryConfig#0, class : com.alibaba.dubbo.config.RegistryConfig] has been registered.
2019-09-29 19:54:15.219  INFO 6336 --- [           main] .a.d.c.s.c.a.DubboConfigBindingRegistrar : The BeanPostProcessor bean definition [com.alibaba.dubbo.config.spring.beans.factory.annotation.DubboConfigBindingBeanPostProcessor] for dubbo config bean [name : com.alibaba.dubbo.config.RegistryConfig#0] has been registered.
2019-09-29 19:54:15.441  INFO 6336 --- [           main] trationDelegate$BeanPostProcessorChecker : Bean &apos;com.alibaba.boot.dubbo.autoconfigure.DubboAutoConfiguration&apos; of type [com.alibaba.boot.dubbo.autoconfigure.DubboAutoConfiguration$$EnhancerBySpringCGLIB$$24bde4] is not eligible for getting processed by all BeanPostProcessors (for example: not eligible for auto-proxying)
2019-09-29 19:54:15.661  INFO 6336 --- [           main] .f.a.DubboConfigBindingBeanPostProcessor : The properties of bean [name : com.alibaba.dubbo.config.ApplicationConfig#0] have been binding by values : [bean property &apos;name&apos;]
2019-09-29 19:54:15.668  INFO 6336 --- [           main] .f.a.DubboConfigBindingBeanPostProcessor : The properties of bean [name : com.alibaba.dubbo.config.RegistryConfig#0] have been binding by values : [bean property &apos;address&apos;]
2019-09-29 19:54:15.759  WARN 6336 --- [           main] com.alibaba.dubbo.config.AbstractConfig  :  [DUBBO] null, dubbo version: 2.0.1, current host: 169.254.129.182

java.lang.reflect.InvocationTargetException: null
	at sun.reflect.NativeMethodAccessorImpl.invoke0(Native Method) ~[na:1.8.0_91]
	at sun.reflect.NativeMethodAccessorImpl.invoke(NativeMethodAccessorImpl.java:62) ~[na:1.8.0_91]
	at sun.reflect.DelegatingMethodAccessorImpl.invoke(DelegatingMethodAccessorImpl.java:43) ~[na:1.8.0_91]
	at java.lang.reflect.Method.invoke(Method.java:498) ~[na:1.8.0_91]
	at com.alibaba.dubbo.config.AbstractConfig.toString(AbstractConfig.java:473) ~[dubbo-2.5.10.jar:2.0.1]
	at java.lang.String.valueOf(String.java:2994) [na:1.8.0_91]
	at java.lang.StringBuilder.append(StringBuilder.java:131) [na:1.8.0_91]
	at com.alibaba.dubbo.config.spring.beans.factory.annotation.AbstractAnnotationConfigBeanBuilder.build(AbstractAnnotationConfigBeanBuilder.java:75) [dubbo-2.5.10.jar:2.0.1]
	at com.alibaba.dubbo.config.spring.beans.factory.annotation.ReferenceAnnotationBeanPostProcessor.buildReferenceBean(ReferenceAnnotationBeanPostProcessor.java:345) [dubbo-2.5.10.jar:2.0.1]
	at com.alibaba.dubbo.config.spring.beans.factory.annotation.ReferenceAnnotationBeanPostProcessor.access$100(ReferenceAnnotationBeanPostProcessor.java:61) [dubbo-2.5.10.jar:2.0.1]
	at com.alibaba.dubbo.config.spring.beans.factory.annotation.ReferenceAnnotationBeanPostProcessor$ReferenceFieldElement.inject(ReferenceAnnotationBeanPostProcessor.java:323) [dubbo-2.5.10.jar:2.0.1]
	at org.springframework.beans.factory.annotation.InjectionMetadata.inject(InjectionMetadata.java:88) [spring-beans-4.3.16.RELEASE.jar:4.3.16.RELEASE]
	at com.alibaba.dubbo.config.spring.beans.factory.annotation.ReferenceAnnotationBeanPostProcessor.postProcessPropertyValues(ReferenceAnnotationBeanPostProcessor.java:88) [dubbo-2.5.10.jar:2.0.1]
	at org.springframework.beans.factory.support.AbstractAutowireCapableBeanFactory.populateBean(AbstractAutowireCapableBeanFactory.java:1268) [spring-beans-4.3.16.RELEASE.jar:4.3.16.RELEASE]
	at org.springframework.beans.factory.support.AbstractAutowireCapableBeanFactory.doCreateBean(AbstractAutowireCapableBeanFactory.java:553) [spring-beans-4.3.16.RELEASE.jar:4.3.16.RELEASE]
	at org.springframework.beans.factory.support.AbstractAutowireCapableBeanFactory.createBean(AbstractAutowireCapableBeanFactory.java:483) [spring-beans-4.3.16.RELEASE.jar:4.3.16.RELEASE]
	at org.springframework.beans.factory.support.AbstractBeanFactory$1.getObject(AbstractBeanFactory.java:312) [spring-beans-4.3.16.RELEASE.jar:4.3.16.RELEASE]
	at org.springframework.beans.factory.support.DefaultSingletonBeanRegistry.getSingleton(DefaultSingletonBeanRegistry.java:230) [spring-beans-4.3.16.RELEASE.jar:4.3.16.RELEASE]
	at org.springframework.beans.factory.support.AbstractBeanFactory.doGetBean(AbstractBeanFactory.java:308) [spring-beans-4.3.16.RELEASE.jar:4.3.16.RELEASE]
	at org.springframework.beans.factory.support.AbstractBeanFactory.getBean(AbstractBeanFactory.java:197) [spring-beans-4.3.16.RELEASE.jar:4.3.16.RELEASE]
	at org.springframework.beans.factory.support.DefaultListableBeanFactory.preInstantiateSingletons(DefaultListableBeanFactory.java:761) [spring-beans-4.3.16.RELEASE.jar:4.3.16.RELEASE]
	at org.springframework.context.support.AbstractApplicationContext.finishBeanFactoryInitialization(AbstractApplicationContext.java:867) [spring-context-4.3.16.RELEASE.jar:4.3.16.RELEASE]
	at org.springframework.context.support.AbstractApplicationContext.refresh(AbstractApplicationContext.java:543) [spring-context-4.3.16.RELEASE.jar:4.3.16.RELEASE]
	at org.springframework.boot.SpringApplication.refresh(SpringApplication.java:693) [spring-boot-1.5.12.RELEASE.jar:1.5.12.RELEASE]
	at org.springframework.boot.SpringApplication.refreshContext(SpringApplication.java:360) [spring-boot-1.5.12.RELEASE.jar:1.5.12.RELEASE]
	at org.springframework.boot.SpringApplication.run(SpringApplication.java:303) [spring-boot-1.5.12.RELEASE.jar:1.5.12.RELEASE]
	at org.springframework.boot.test.context.SpringBootContextLoader.loadContext(SpringBootContextLoader.java:120) [spring-boot-test-1.5.12.RELEASE.jar:1.5.12.RELEASE]
	at org.springframework.test.context.cache.DefaultCacheAwareContextLoaderDelegate.loadContextInternal(DefaultCacheAwareContextLoaderDelegate.java:98) [spring-test-4.3.16.RELEASE.jar:4.3.16.RELEASE]
	at org.springframework.test.context.cache.DefaultCacheAwareContextLoaderDelegate.loadContext(DefaultCacheAwareContextLoaderDelegate.java:116) [spring-test-4.3.16.RELEASE.jar:4.3.16.RELEASE]
	at org.springframework.test.context.support.DefaultTestContext.getApplicationContext(DefaultTestContext.java:83) [spring-test-4.3.16.RELEASE.jar:4.3.16.RELEASE]
	at org.springframework.test.context.web.ServletTestExecutionListener.setUpRequestContextIfNecessary(ServletTestExecutionListener.java:189) [spring-test-4.3.16.RELEASE.jar:4.3.16.RELEASE]
	at org.springframework.test.context.web.ServletTestExecutionListener.prepareTestInstance(ServletTestExecutionListener.java:131) [spring-test-4.3.16.RELEASE.jar:4.3.16.RELEASE]
	at org.springframework.test.context.TestContextManager.prepareTestInstance(TestContextManager.java:230) [spring-test-4.3.16.RELEASE.jar:4.3.16.RELEASE]
	at org.springframework.test.context.junit4.SpringJUnit4ClassRunner.createTest(SpringJUnit4ClassRunner.java:228) [spring-test-4.3.16.RELEASE.jar:4.3.16.RELEASE]
	at org.springframework.test.context.junit4.SpringJUnit4ClassRunner$1.runReflectiveCall(SpringJUnit4ClassRunner.java:287) [spring-test-4.3.16.RELEASE.jar:4.3.16.RELEASE]
	at org.junit.internal.runners.model.ReflectiveCallable.run(ReflectiveCallable.java:12) [junit-4.12.jar:4.12]
	at org.springframework.test.context.junit4.SpringJUnit4ClassRunner.methodBlock(SpringJUnit4ClassRunner.java:289) [spring-test-4.3.16.RELEASE.jar:4.3.16.RELEASE]
	at org.springframework.test.context.junit4.SpringJUnit4ClassRunner.runChild(SpringJUnit4ClassRunner.java:247) [spring-test-4.3.16.RELEASE.jar:4.3.16.RELEASE]
	at org.springframework.test.context.junit4.SpringJUnit4ClassRunner.runChild(SpringJUnit4ClassRunner.java:94) [spring-test-4.3.16.RELEASE.jar:4.3.16.RELEASE]
	at org.junit.runners.ParentRunner$3.run(ParentRunner.java:290) [junit-4.12.jar:4.12]
	at org.junit.runners.ParentRunner$1.schedule(ParentRunner.java:71) [junit-4.12.jar:4.12]
	at org.junit.runners.ParentRunner.runChildren(ParentRunner.java:288) [junit-4.12.jar:4.12]
	at org.junit.runners.ParentRunner.access$000(ParentRunner.java:58) [junit-4.12.jar:4.12]
	at org.junit.runners.ParentRunner$2.evaluate(ParentRunner.java:268) [junit-4.12.jar:4.12]
	at org.springframework.test.context.junit4.statements.RunBeforeTestClassCallbacks.evaluate(RunBeforeTestClassCallbacks.java:61) [spring-test-4.3.16.RELEASE.jar:4.3.16.RELEASE]
	at org.springframework.test.context.junit4.statements.RunAfterTestClassCallbacks.evaluate(RunAfterTestClassCallbacks.java:70) [spring-test-4.3.16.RELEASE.jar:4.3.16.RELEASE]
	at org.junit.runners.ParentRunner.run(ParentRunner.java:363) [junit-4.12.jar:4.12]
	at org.springframework.test.context.junit4.SpringJUnit4ClassRunner.run(SpringJUnit4ClassRunner.java:191) [spring-test-4.3.16.RELEASE.jar:4.3.16.RELEASE]
	at org.apache.maven.surefire.junit4.JUnit4Provider.execute(JUnit4Provider.java:252) [surefire-junit4-2.12.4.jar:2.12.4]
	at org.apache.maven.surefire.junit4.JUnit4Provider.executeTestSet(JUnit4Provider.java:141) [surefire-junit4-2.12.4.jar:2.12.4]
	at org.apache.maven.surefire.junit4.JUnit4Provider.invoke(JUnit4Provider.java:112) [surefire-junit4-2.12.4.jar:2.12.4]
	at sun.reflect.NativeMethodAccessorImpl.invoke0(Native Method) ~[na:1.8.0_91]
	at sun.reflect.NativeMethodAccessorImpl.invoke(NativeMethodAccessorImpl.java:62) ~[na:1.8.0_91]
	at sun.reflect.DelegatingMethodAccessorImpl.invoke(DelegatingMethodAccessorImpl.java:43) ~[na:1.8.0_91]
	at java.lang.reflect.Method.invoke(Method.java:498) ~[na:1.8.0_91]
	at org.apache.maven.surefire.util.ReflectionUtils.invokeMethodWithArray(ReflectionUtils.java:189) [surefire-api-2.12.4.jar:2.12.4]
	at org.apache.maven.surefire.booter.ProviderFactory$ProviderProxy.invoke(ProviderFactory.java:165) [surefire-booter-2.12.4.jar:2.12.4]
	at org.apache.maven.surefire.booter.ProviderFactory.invokeProvider(ProviderFactory.java:85) [surefire-booter-2.12.4.jar:2.12.4]
	at org.apache.maven.surefire.booter.ForkedBooter.runSuitesInProcess(ForkedBooter.java:115) [surefire-booter-2.12.4.jar:2.12.4]
	at org.apache.maven.surefire.booter.ForkedBooter.main(ForkedBooter.java:75) [surefire-booter-2.12.4.jar:2.12.4]
Caused by: java.lang.NoClassDefFoundError: org/apache/zookeeper/Watcher$Event$KeeperState
	at com.alibaba.dubbo.remoting.zookeeper.zkclient.ZkclientZookeeperClient.&lt;init&gt;(ZkclientZookeeperClient.java:36) ~[dubbo-2.5.10.jar:2.0.1]
	at com.alibaba.dubbo.remoting.zookeeper.zkclient.ZkclientZookeeperTransporter.connect(ZkclientZookeeperTransporter.java:26) ~[dubbo-2.5.10.jar:2.0.1]
	at com.alibaba.dubbo.remoting.zookeeper.ZookeeperTransporter$Adaptive.connect(ZookeeperTransporter$Adaptive.java) ~[dubbo-2.5.10.jar:2.0.1]
	at com.alibaba.dubbo.registry.zookeeper.ZookeeperRegistry.&lt;init&gt;(ZookeeperRegistry.java:69) ~[dubbo-2.5.10.jar:2.0.1]
	at com.alibaba.dubbo.registry.zookeeper.ZookeeperRegistryFactory.createRegistry(ZookeeperRegistryFactory.java:37) ~[dubbo-2.5.10.jar:2.0.1]
	at com.alibaba.dubbo.registry.support.AbstractRegistryFactory.getRegistry(AbstractRegistryFactory.java:95) ~[dubbo-2.5.10.jar:2.0.1]
	at com.alibaba.dubbo.registry.RegistryFactory$Adaptive.getRegistry(RegistryFactory$Adaptive.java) ~[dubbo-2.5.10.jar:2.0.1]
	at com.alibaba.dubbo.registry.integration.RegistryProtocol.refer(RegistryProtocol.java:269) ~[dubbo-2.5.10.jar:2.0.1]
	at com.alibaba.dubbo.rpc.protocol.ProtocolFilterWrapper.refer(ProtocolFilterWrapper.java:98) ~[dubbo-2.5.10.jar:2.0.1]
	at com.alibaba.dubbo.rpc.protocol.ProtocolListenerWrapper.refer(ProtocolListenerWrapper.java:63) ~[dubbo-2.5.10.jar:2.0.1]
	at com.alibaba.dubbo.qos.protocol.QosProtocolWrapper.refer(QosProtocolWrapper.java:63) ~[dubbo-2.5.10.jar:2.0.1]
	at com.alibaba.dubbo.rpc.Protocol$Adaptive.refer(Protocol$Adaptive.java) ~[dubbo-2.5.10.jar:2.0.1]
	at com.alibaba.dubbo.config.ReferenceConfig.createProxy(ReferenceConfig.java:394) ~[dubbo-2.5.10.jar:2.0.1]
	at com.alibaba.dubbo.config.ReferenceConfig.init(ReferenceConfig.java:333) ~[dubbo-2.5.10.jar:2.0.1]
	at com.alibaba.dubbo.config.ReferenceConfig.get(ReferenceConfig.java:163) ~[dubbo-2.5.10.jar:2.0.1]
	at com.alibaba.dubbo.config.spring.ReferenceBean.getObject(ReferenceBean.java:65) ~[dubbo-2.5.10.jar:2.0.1]
	... 60 common frames omitted
Caused by: java.lang.ClassNotFoundException: org.apache.zookeeper.Watcher$Event$KeeperState
	at java.net.URLClassLoader.findClass(URLClassLoader.java:381) ~[na:1.8.0_91]
	at java.lang.ClassLoader.loadClass(ClassLoader.java:424) ~[na:1.8.0_91]
	at sun.misc.Launcher$AppClassLoader.loadClass(Launcher.java:331) ~[na:1.8.0_91]
	at java.lang.ClassLoader.loadClass(ClassLoader.java:357) ~[na:1.8.0_91]
	... 76 common frames omitted

2019-09-29 19:54:15.760  INFO 6336 --- [           main] c.a.d.c.s.b.f.a.ReferenceBeanBuilder     : &lt;dubbo:reference singleton=&quot;true&quot; uniqueServiceName=&quot;org.dubbo.provider.api.IProviderHello&quot; interface=&quot;org.dubbo.provider.api.IProviderHello&quot; generic=&quot;false&quot; filter=&quot;&quot; listener=&quot;&quot; id=&quot;org.dubbo.provider.api.IProviderHello&quot; /&gt; has been built.
2019-09-29 19:54:16.243  INFO 6336 --- [           main] s.w.s.m.m.a.RequestMappingHandlerAdapter : Looking for @ControllerAdvice: org.springframework.web.context.support.GenericWebApplicationContext@194eab6: startup date [Sun Sep 29 19:54:14 CST 2019]; root of context hierarchy
2019-09-29 19:54:16.304  INFO 6336 --- [           main] s.w.s.m.m.a.RequestMappingHandlerMapping : Mapped &quot;{[/error]}&quot; onto public org.springframework.http.ResponseEntity&lt;java.util.Map&lt;java.lang.String, java.lang.Object&gt;&gt; org.springframework.boot.autoconfigure.web.BasicErrorController.error(javax.servlet.http.HttpServletRequest)
2019-09-29 19:54:16.305  INFO 6336 --- [           main] s.w.s.m.m.a.RequestMappingHandlerMapping : Mapped &quot;{[/error],produces=[text/html]}&quot; onto public org.springframework.web.servlet.ModelAndView org.springframework.boot.autoconfigure.web.BasicErrorController.errorHtml(javax.servlet.http.HttpServletRequest,javax.servlet.http.HttpServletResponse)
2019-09-29 19:54:16.334  INFO 6336 --- [           main] o.s.w.s.handler.SimpleUrlHandlerMapping  : Mapped URL path [/webjars/**] onto handler of type [class org.springframework.web.servlet.resource.ResourceHttpRequestHandler]
2019-09-29 19:54:16.335  INFO 6336 --- [           main] o.s.w.s.handler.SimpleUrlHandlerMapping  : Mapped URL path [/**] onto handler of type [class org.springframework.web.servlet.resource.ResourceHttpRequestHandler]
2019-09-29 19:54:16.372  INFO 6336 --- [           main] o.s.w.s.handler.SimpleUrlHandlerMapping  : Mapped URL path [/**/favicon.ico] onto handler of type [class org.springframework.web.servlet.resource.ResourceHttpRequestHandler]
2019-09-29 19:54:16.548  INFO 6336 --- [           main] org.dubbo.comsumer.impl.AppTest          : Started AppTest in 2.131 seconds (JVM running for 2.747)
</system-out>
  </testcase>
</testsuite>